<?xml version="1.0" encoding="UTF-8"?>
<testsuite name="Busqueda de Cliente" tests="1" skipped="0" failures="1" errors="0" timestamp="2022-06-21T20:40:44" hostname="LAPTOP-LMUU0593" time="38.098">
  <properties/>
  <testcase name="Inicio busqueda de cliente" classname="Busqueda de Cliente" time="38.098">
    <failure message="org.openqa.selenium.TimeoutException: Expected condition failed: waiting for frame to be available: 5 (tried for 10 second(s) with 500 milliseconds interval)&#10;Build info: version: '3.141.59', revision: 'e82be7d358', time: '2018-11-14T08:17:03'&#10;System info: host: 'LAPTOP-LMUU0593', ip: '192.168.43.83', os.name: 'Windows 10', os.arch: 'amd64', os.version: '10.0', java.version: '11.0.12'&#10;Driver info: net.thucydides.core.webdriver.WebDriverFacade" type="org.openqa.selenium.TimeoutException">org.openqa.selenium.TimeoutException: Expected condition failed: waiting for frame to be available: 5 (tried for 10 second(s) with 500 milliseconds interval)
Build info: version: '3.141.59', revision: 'e82be7d358', time: '2018-11-14T08:17:03'
System info: host: 'LAPTOP-LMUU0593', ip: '192.168.43.83', os.name: 'Windows 10', os.arch: 'amd64', os.version: '10.0', java.version: '11.0.12'
Driver info: net.thucydides.core.webdriver.WebDriverFacade
	at app//org.openqa.selenium.support.ui.WebDriverWait.timeoutException(WebDriverWait.java:95)
	at app//org.openqa.selenium.support.ui.FluentWait.until(FluentWait.java:272)
	at app//utils.EsperaImplicita.esperaImplicitaFrame(EsperaImplicita.java:12)
	at app//steps.BusquedaDeClienteSteps.clickSeleccionar(BusquedaDeClienteSteps.java:24)
	at app//steps.BusquedaDeClienteSteps$$EnhancerByCGLIB$$18740d5.CGLIB$clickSeleccionar$1(&lt;generated&gt;)
	at app//steps.BusquedaDeClienteSteps$$EnhancerByCGLIB$$18740d5$$FastClassByCGLIB$$dd62e9ca.invoke(&lt;generated&gt;)
	at app//net.sf.cglib.proxy.MethodProxy.invokeSuper(MethodProxy.java:228)
	at app//net.thucydides.core.steps.StepInterceptor.invokeMethod(StepInterceptor.java:460)
	at app//net.thucydides.core.steps.StepInterceptor.executeTestStepMethod(StepInterceptor.java:445)
	at app//net.thucydides.core.steps.StepInterceptor.runTestStep(StepInterceptor.java:420)
	at app//net.thucydides.core.steps.StepInterceptor.runOrSkipMethod(StepInterceptor.java:175)
	at app//net.thucydides.core.steps.StepInterceptor.testStepResult(StepInterceptor.java:162)
	at app//net.thucydides.core.steps.StepInterceptor.intercept(StepInterceptor.java:68)
	at app//steps.BusquedaDeClienteSteps$$EnhancerByCGLIB$$18740d5.clickSeleccionar(&lt;generated&gt;)
	at app//stepdefinitions.BusquedaDeClienteStepdefinitions.estoy_en_el_modulo_de_cliente(BusquedaDeClienteStepdefinitions.java:28)
	at âœ½.estoy en el modulo de cliente(src/test/resources/features/BusquedaDeCliente.feature:9)
</failure>
  </testcase>
  <system-out><![CDATA[]]></system-out>
  <system-err><![CDATA[jun. 21, 2022 3:40:45 P. M. org.openqa.selenium.remote.DesiredCapabilities chrome
INFO: Using `new ChromeOptions()` is preferred to `DesiredCapabilities.chrome()`
[Test worker] INFO net.serenitybdd.core.webdriver.driverproviders.ProvideNewDriver - Instantiating driver
[Test worker] INFO net.serenitybdd.core.webdriver.driverproviders.ProvideNewDriver - Driver capabilities: Capabilities {ACCEPT_SSL_CERTS:  true, INTRODUCE_FLAKINESS_BY_IGNORING_SECURITY_DOMAINS:  true, acceptInsecureCerts: false, browserName: chrome, chrome.switches: test-type,--no-first-run,--..., goog:chromeOptions: {args: [--test-type, --no-first-run, --start-maximized, --ignore-certificate-errors, --allow-running-insecure-co..., --disable-extensions, --no-sandbox], extensions: []}, loggingPrefs: org.openqa.selenium.logging..., platform: ANY, unexpectedAlertBehaviour: ignore, unhandledPromptBehavior: ignore, version: }
Starting ChromeDriver 101.0.4951.41 (93c720db8323b3ec10d056025ab95c23a31997c9-refs/branch-heads/4951@{#904}) on port 35127
Only local connections are allowed.
Please see https://chromedriver.chromium.org/security-considerations for suggestions on keeping ChromeDriver safe.
ChromeDriver was started successfully.
[1655844047.052][WARNING]: This version of ChromeDriver has not been tested with Chrome version 102.
jun. 21, 2022 3:40:47 P. M. org.openqa.selenium.remote.ProtocolHandshake createSession
INFO: Detected dialect: W3C
[Test worker] ERROR net.thucydides.core.steps.ConsoleLoggingListener - 
           __  _____ _____ ____ _____   _____ _    ___ _     _____ ____  
  _       / / |_   _| ____/ ___|_   _| |  ___/ \  |_ _| |   | ____|  _ \ 
 (_)_____| |    | | |  _| \___ \ | |   | |_ / _ \  | || |   |  _| | | | |
  _|_____| |    | | | |___ ___) || |   |  _/ ___ \ | || |___| |___| |_| |
 (_)     | |    |_| |_____|____/ |_|   |_|/_/   \_\___|_____|_____|____/ 
          \_\                                                            

TEST FAILED WITH ERROR: Inicio busqueda de cliente
---------------------------------------------------------------------
[Test worker] ERROR net.thucydides.core.steps.ConsoleLoggingListener - TEST FAILED AT STEP Click seleccionar
[Test worker] ERROR net.thucydides.core.steps.ConsoleLoggingListener - Expected condition failed: waiting for frame to be available: 5 (tried for 10 second(s) with 500 milliseconds interval)Build info: version: '3.141.59', revision: 'e82be7d358', time: '2018-11-14T08:17:03'System info: host: 'LAPTOP-LMUU0593', ip: '192.168.43.83', os.name: 'Windows 10', os.arch: 'amd64', os.version: '10.0', java.version: '11.0.12'Driver info: net.thucydides.core.webdriver.WebDriverFacadeBuild info: version: '3.141.59', revision: 'e82be7d358', time: '2018-11-14T08:17:03'System info: host: 'LAPTOP-LMUU0593', ip: '192.168.43.83', os.name: 'Windows 10', os.arch: 'amd64', os.version: '10.0', java.version: '11.0.12'Driver info: driver.version: unknown
]]></system-err>
</testsuite>
